Microsemi Libero Software
Version: 11.8.3.6
Release: v11.8 SP3

Created a new design.
'BA_NAME' set to 'PSU_Top_Level_ba'
'IDE_DESIGNERVIEW_NAME' set to 'Impl1'
'IDE_DESIGNERVIEW_COUNT' set to '1'
'IDE_DESIGNERVIEW_REV0' set to 'Impl1'
'IDE_DESIGNERVIEW_REVNUM0' set to '1'
'IDE_DESIGNERVIEW_ROOTDIR' set to 'C:\PID Project\PID_Controller\designer'
'IDE_DESIGNERVIEW_LASTREV' set to '1'
'DESDIR' set to 'C:/PID Project/PID_Controller/designer/impl1'
'BA_DIR' set to 'C:/PID Project/PID_Controller/designer/impl1'
'BA_NETLIST_ALSO' set to '1'
'EDNINFLAVOR' set to 'GENERIC'
'NETLIST_NAMING_STYLE' set to 'VERILOG'
'EXPORT_STATUS_REPORT' set to '1'
'EXPORT_STATUS_REPORT_FILENAME' set to 'PSU_Top_Level.rpt'
'AUDIT_NETLIST_FILE' set to '1'
'AUDIT_DCF_FILE' set to '1'
'AUDIT_PIN_FILE' set to '1'
'AUDIT_ADL_FILE' set to '1'

 Netlist Reading Time = 1.0 seconds
Imported the file:
   C:\PID Project\PID_Controller\synthesis\PSU_Top_Level.edn

The Import command succeeded ( 00:00:01 )
Warning: Overwriting the existing file: ../../synthesis/PSU_Top_Level.v.
Wrote to the file: ..\..\synthesis\PSU_Top_Level.v

The Export command succeeded ( 00:00:01 )

The Execute Script command succeeded ( 00:00:02 )
Warning: The database was closed without a save, modifications are lost
Design closed.

