Target Part: A3PE1500_PQFP208_-2
Report for cell top_oled.rtl
  Core Cell usage:
              cell count     area count*area
              AND2    28      1.0       28.0
              AND3    32      1.0       32.0
               AO1    49      1.0       49.0
              AO1A    31      1.0       31.0
              AO1B     2      1.0        2.0
              AO1C     4      1.0        4.0
              AO1D     5      1.0        5.0
              AOI1     1      1.0        1.0
             AOI1B     4      1.0        4.0
               AX1     8      1.0        8.0
              AX1B     1      1.0        1.0
              AX1C     2      1.0        2.0
              AX1D     1      1.0        1.0
              AXO2     1      1.0        1.0
             AXOI5     1      1.0        1.0
              BUFF     1      1.0        1.0
            CLKINT     5      0.0        0.0
               GND    10      0.0        0.0
               INV     6      1.0        6.0
             MAJ3X     1      1.0        1.0
               MX2  1533      1.0     1533.0
              MX2A     1      1.0        1.0
              MX2B     1      1.0        1.0
              NOR2    27      1.0       27.0
             NOR2A  1245      1.0     1245.0
             NOR2B    65      1.0       65.0
              NOR3     8      1.0        8.0
             NOR3A    23      1.0       23.0
             NOR3B    29      1.0       29.0
             NOR3C     8      1.0        8.0
               OA1     5      1.0        5.0
              OA1A     6      1.0        6.0
              OA1B     4      1.0        4.0
              OA1C     4      1.0        4.0
              OAI1     1      1.0        1.0
               OR2    34      1.0       34.0
              OR2A    17      1.0       17.0
              OR2B    14      1.0       14.0
               OR3    45      1.0       45.0
              OR3A     8      1.0        8.0
              OR3B     7      1.0        7.0
              OR3C     4      1.0        4.0
               PLL     1      0.0        0.0
            PLLINT     1      0.0        0.0
               VCC    10      0.0        0.0
               XA1     2      1.0        2.0
              XA1A     1      1.0        1.0
              XAI1     1      1.0        1.0
             XNOR2    13      1.0       13.0
               XO1     1      1.0        1.0
              XO1A     1      1.0        1.0
              XOR2    65      1.0       65.0


            DFN1C0  1245      1.0     1245.0
            DFN1C1    25      1.0       25.0
          DFN1E0C0    17      1.0       17.0
          DFN1E1C0   378      1.0      378.0
          DFN1P1C1     8      1.0        8.0
                   -----          ----------
             TOTAL  5051              5024.0


  IO Cell usage:
              cell count
             INBUF    15
            OUTBUF    16
                   -----
             TOTAL    31


Core Cells         : 5024 of 38400 (13%)
IO Cells           : 31

  RAM/ROM Usage Summary
Block Rams : 0 of 60 (0%)

