Target Part: A3PE1500_PQFP208_STD
Report for cell PSU_Top_Level.verilog
  Core Cell usage:
              cell count     area count*area
              AND2    30      1.0       30.0
             AND2A     3      1.0        3.0
              AND3    54      1.0       54.0
               AO1   441      1.0      441.0
              AO13   140      1.0      140.0
              AO16     4      1.0        4.0
              AO18    20      1.0       20.0
              AO1A    32      1.0       32.0
              AO1B    43      1.0       43.0
              AO1C    21      1.0       21.0
              AO1D    12      1.0       12.0
              AOI1    10      1.0       10.0
             AOI1A     5      1.0        5.0
             AOI1B    12      1.0       12.0
               AX1     7      1.0        7.0
              AX1A     7      1.0        7.0
              AX1B     9      1.0        9.0
              AX1C    10      1.0       10.0
              AX1D   124      1.0      124.0
              AX1E     3      1.0        3.0
              AXO2     1      1.0        1.0
             AXOI5     1      1.0        1.0
              BUFF     6      1.0        6.0
            CLKINT     2      0.0        0.0
               GND    22      0.0        0.0
               INV     7      1.0        7.0
              MAJ3   105      1.0      105.0
              MIN3    12      1.0       12.0
               MX2   354      1.0      354.0
              MX2A    11      1.0       11.0
              MX2B    30      1.0       30.0
              MX2C    46      1.0       46.0
              NOR2    80      1.0       80.0
             NOR2A   213      1.0      213.0
             NOR2B   797      1.0      797.0
              NOR3    50      1.0       50.0
             NOR3A    75      1.0       75.0
             NOR3B   105      1.0      105.0
             NOR3C   201      1.0      201.0
               OA1   135      1.0      135.0
              OA1A    45      1.0       45.0
              OA1B    52      1.0       52.0
              OA1C    12      1.0       12.0
              OAI1     2      1.0        2.0
               OR2   253      1.0      253.0
              OR2A    63      1.0       63.0
              OR2B    11      1.0       11.0
               OR3   115      1.0      115.0
              OR3A     2      1.0        2.0
              OR3B     5      1.0        5.0
              OR3C     5      1.0        5.0
               PLL     1      0.0        0.0
            PLLINT     1      0.0        0.0
               VCC    22      0.0        0.0
               XA1   210      1.0      210.0
              XA1A    23      1.0       23.0
              XA1B    73      1.0       73.0
              XA1C     6      1.0        6.0
              XAI1     1      1.0        1.0
             XAI1A     1      1.0        1.0
             XNOR2   219      1.0      219.0
             XNOR3   149      1.0      149.0
               XO1    15      1.0       15.0
              XO1A    22      1.0       22.0
              XOR2   273      1.0      273.0
              XOR3   134      1.0      134.0
             ZOR3I    12      1.0       12.0


            DFN1C0   302      1.0      302.0
          DFN1E0C0    53      1.0       53.0
          DFN1E1C0  1098      1.0     1098.0
            DFN1P0    43      1.0       43.0
                   -----          ----------
             TOTAL  6463              6415.0


  IO Cell usage:
              cell count
            CLKBUF     2
             INBUF    11
            OUTBUF    13
           TRIBUFF    16
                   -----
             TOTAL    42


Core Cells         : 6415 of 38400 (17%)
IO Cells           : 42

  RAM/ROM Usage Summary
Block Rams : 0 of 60 (0%)

