# Reading C:/Microsemi/Libero_SoC_v11.8/Modelsim/tcl/vsim/pref.tcl
# do run.do
# INFO: Simulation library presynth already exists
# Model Technology ModelSim Microsemi vmap 10.5c Lib Mapping Utility 2016.07 Jul 21 2016
# vmap presynth presynth 
# Modifying modelsim.ini
# Model Technology ModelSim Microsemi vmap 10.5c Lib Mapping Utility 2016.07 Jul 21 2016
# vmap proasic3e C:/Microsemi/Libero_SoC_v11.8/Designer/lib/modelsim/precompiled/vlog/proasic3e 
# Modifying modelsim.ini
# Model Technology ModelSim Microsemi vlog 10.5c Compiler 2016.07 Jul 21 2016
# Start time: 20:23:09 on Mar 17,2018
# vlog -reportprogress 300 -sv -work presynth C:/PID Project/PID_Controller/hdl/integral_calc.v 
# -- Compiling module integral_calc
# 
# Top level modules:
# 	integral_calc
# End time: 20:23:09 on Mar 17,2018, Elapsed time: 0:00:00
# Errors: 0, Warnings: 0
# Model Technology ModelSim Microsemi vlog 10.5c Compiler 2016.07 Jul 21 2016
# Start time: 20:23:09 on Mar 17,2018
# vlog -reportprogress 300 "+incdir+C:/PID Project/PID_Controller/stimulus" -sv -work presynth C:/PID Project/PID_Controller/stimulus/integral_calc_tb.v 
# -- Compiling module integral_calc_tb
# 
# Top level modules:
# 	integral_calc_tb
# End time: 20:23:09 on Mar 17,2018, Elapsed time: 0:00:00
# Errors: 0, Warnings: 0
# vsim -L proasic3e -L presynth -t 1ps presynth.integral_calc_tb 
# Start time: 20:23:09 on Mar 17,2018
# //  ModelSim Microsemi 10.5c Jul 21 2016
# //
# //  Copyright 1991-2016 Mentor Graphics Corporation
# //  All Rights Reserved.
# //
# //  ModelSim Microsemi and its associated documentation contain trade
# //  secrets and commercial or financial information that are the property of
# //  Mentor Graphics Corporation and are privileged, confidential,
# //  and exempt from disclosure under the Freedom of Information Act,
# //  5 U.S.C. Section 552. Furthermore, this information
# //  is prohibited from disclosure under the Trade Secrets Act,
# //  18 U.S.C. Section 1905.
# //
# Loading sv_std.std
# Loading presynth.integral_calc_tb
# Loading presynth.integral_calc
# End time: 20:31:23 on Mar 17,2018, Elapsed time: 0:08:14
# Errors: 0, Warnings: 0
