FlashPro
Version: 9.1.5.1
Release: v9.1 SP5

Software Version: 9.1.5.1
Driver : 3.0.0 build 1
programmer '68603' : FlashPro4
Created new project 'F:\Manufactioring
test\A3PE_STARTER_KIT_DF\ProASIC3E_Starter_Kit_Demo\designer\impl1\top_oled_1_fp\top_oled.pro'
PDB file 'F:\Manufactioring
test\A3PE_STARTER_KIT_DF\ProASIC3E_Starter_Kit_Demo\designer\impl1\top_oled.pdb' has been loaded
successfully.
DESIGN : top_oled;  CHECKSUM : D19B;  PDB_VERSION : 1.7
programmer '68603' : Scan Chain...
Warning: programmer '68603' : Vpump has been selected on programmer AND an externally provided
         Vpump has also been detected. Using externally provided Vpump voltage source.
programmer '68603' : Scan Chain PASSED.
programmer '68603' : Executing action PROGRAM
programmer '68603' : EXPORT FSN[48] = 910616083448
programmer '68603' : Erase ...
programmer '68603' : Completed erase
programmer '68603' : Programming FPGA Array
programmer '68603' : Verifying FPGA Array
programmer '68603' :         Verifying FPGA Array -- pass
programmer '68603' : Finished: Mon Oct 08 19:33:21 2012 (Elapsed time 00:01:09)
programmer '68603' : Executing action PROGRAM PASSED.

                        o - o - o - o - o - o

Exported single device STAPL file 'F:\Manufactioring test\A3PE_STARTER_KIT_DF\top_oled.stp'
successfully.
Finished: Mon Oct 08 20:18:11 2012 (Elapsed time 00:00:02)

Warning: Project 'top_oled' has been modified. Do you want to save it? [NO]
