
Starting:    C:\Microsemi\Libero_SoC_v11.8\SynplifyPro\bin64\mbin\synbatch.exe
Install:     C:\Microsemi\Libero_SoC_v11.8\SynplifyPro
Hostname:    EE139PC18
Date:        Fri May 04 02:13:13 2018
Version:     L-2016.09M-2

Arguments:   -product synplify_pro -licensetype synplifypro_actel -batch -log synplify.log PSU_Top_Level_syn.tcl
ProductType: synplify_pro

License checkout: synplifypro_actel
License: synplifypro_actel node-locked 
Licensed Vendor: actel
License Option: actel_oem

Running in Vendor Mode


auto_infer_blackbox is not supported in current product.

log file: "C:\PID Project\PID_Controller\synthesis\PSU_Top_Level.srr"

Running: synthesis in foreground



Running PSU_Top_Level_syn|synthesis


Running: compile (Compile) on PSU_Top_Level_syn|synthesis
# Fri May 04 02:13:13 2018


Running: compile_flow (Compile Process) on PSU_Top_Level_syn|synthesis
# Fri May 04 02:13:13 2018


Running: compiler (Compile Input) on PSU_Top_Level_syn|synthesis
# Fri May 04 02:13:13 2018

Copied C:\PID Project\PID_Controller\synthesis\synwork\PSU_Top_Level_comp.srs to C:\PID Project\PID_Controller\synthesis\PSU_Top_Level.srs


compiler completed
# Fri May 04 02:13:15 2018

Return Code: 0
Run Time:00h:00m:02s


Running: multi_srs_gen (Multi-srs Generator) on PSU_Top_Level_syn|synthesis
# Fri May 04 02:13:15 2018


multi_srs_gen completed
# Fri May 04 02:13:16 2018

Return Code: 0
Run Time:00h:00m:01s

Copied C:\PID Project\PID_Controller\synthesis\synwork\PSU_Top_Level_mult.srs to C:\PID Project\PID_Controller\synthesis\PSU_Top_Level.srs

Complete: Compile Process on PSU_Top_Level_syn|synthesis


Running: premap (Pre-mapping) on PSU_Top_Level_syn|synthesis
# Fri May 04 02:13:16 2018


premap completed with warnings
# Fri May 04 02:13:16 2018

Return Code: 1
Run Time:00h:00m:00s

Complete: Compile on PSU_Top_Level_syn|synthesis


Running: map (Map) on PSU_Top_Level_syn|synthesis
# Fri May 04 02:13:16 2018

License granted for 4 parallel jobs


Running: fpga_mapper (Map & Optimize) on PSU_Top_Level_syn|synthesis
# Fri May 04 02:13:16 2018

Copied C:\PID Project\PID_Controller\synthesis\synwork\PSU_Top_Level_m.srm to C:\PID Project\PID_Controller\synthesis\PSU_Top_Level.srm


fpga_mapper completed with warnings
# Fri May 04 02:14:04 2018

Return Code: 1
Run Time:00h:00m:48s

Complete: Map on PSU_Top_Level_syn|synthesis

Complete: Logic Synthesis on PSU_Top_Level_syn|synthesis

TCL script complete: "PSU_Top_Level_syn.tcl"

exit status=0

exit status=0

License checkin: synplifypro_actel

