
Starting:    C:\Actel\Libero_v9.1\Synopsys\synplify_E201009A-1\bin\mbin\synplify.exe
Install:     C:\Actel\Libero_v9.1\Synopsys\synplify_E201009A-1
Date:        Mon Oct 08 19:29:00 2012
Version:     E-2010.09A-1

Arguments:   -product synplify_pro top_oled_syn.prj
ProductType: synplify_pro

License checkout: synplifypro_actel
License: synplifypro_actel from server denzil 
Licensed Vendor: actel
License Feature: actel_oem



"maxfan_hard3" is unrecognized option for current device

Running synthesis on top_oled_syn:synthesis

log file: "F:\Manufactioring test\A3PE_STARTER_KIT_DF\ProASIC3E_Starter_Kit_Demo\synthesis\top_oled.srr"



Running HDL Compiler...


Compiler Completed
Return Code: 0
Run Time:00:00:01


Running ProASIC3E Mapper...


ProASIC3E Mapper Completed with warnings
Return Code: 1
Run Time:00:00:04

exit status=0


License checkin: synplifypro_actel

