
Starting:    C:\Microsemi\Libero_SoC_v11.8\SynplifyPro\bin64\mbin\synbatch.exe
Install:     C:\Microsemi\Libero_SoC_v11.8\SynplifyPro
Hostname:    EE139PC18
Date:        Wed Feb 28 23:49:21 2018
Version:     L-2016.09M-2

Arguments:   -product synplify_pro -licensetype synplifypro_actel -batch -log synplify.log top_oled_syn.tcl
ProductType: synplify_pro

License checkout: synplifypro_actel
License: synplifypro_actel node-locked 
Licensed Vendor: actel
License Option: actel_oem

Running in Vendor Mode


auto_infer_blackbox is not supported in current product.

log file: "C:\PID Project\ProASIC3E_Starter_Kit_Demo\synthesis\top_oled.srr"

Running: synthesis in foreground



Running top_oled_syn|synthesis


Running: compile (Compile) on top_oled_syn|synthesis
# Wed Feb 28 23:49:21 2018


Running: compile_flow (Compile Process) on top_oled_syn|synthesis
# Wed Feb 28 23:49:21 2018


Running: compiler (Compile Input) on top_oled_syn|synthesis
# Wed Feb 28 23:49:21 2018

Copied C:\PID Project\ProASIC3E_Starter_Kit_Demo\synthesis\synwork\top_oled_comp.srs to C:\PID Project\ProASIC3E_Starter_Kit_Demo\synthesis\top_oled.srs


compiler completed
# Wed Feb 28 23:49:23 2018

Return Code: 0
Run Time:00h:00m:02s


Running: multi_srs_gen (Multi-srs Generator) on top_oled_syn|synthesis
# Wed Feb 28 23:49:23 2018


multi_srs_gen completed
# Wed Feb 28 23:49:23 2018

Return Code: 0
Run Time:00h:00m:00s

Copied C:\PID Project\ProASIC3E_Starter_Kit_Demo\synthesis\synwork\top_oled_mult.srs to C:\PID Project\ProASIC3E_Starter_Kit_Demo\synthesis\top_oled.srs

Complete: Compile Process on top_oled_syn|synthesis


Running: premap (Pre-mapping) on top_oled_syn|synthesis
# Wed Feb 28 23:49:23 2018


premap completed with warnings
# Wed Feb 28 23:49:24 2018

Return Code: 1
Run Time:00h:00m:01s

Complete: Compile on top_oled_syn|synthesis


Running: map (Map) on top_oled_syn|synthesis
# Wed Feb 28 23:49:24 2018

License granted for 4 parallel jobs


Running: fpga_mapper (Map & Optimize) on top_oled_syn|synthesis
# Wed Feb 28 23:49:24 2018

Copied C:\PID Project\ProASIC3E_Starter_Kit_Demo\synthesis\synwork\top_oled_m.srm to C:\PID Project\ProASIC3E_Starter_Kit_Demo\synthesis\top_oled.srm


fpga_mapper completed with warnings
# Wed Feb 28 23:49:29 2018

Return Code: 1
Run Time:00h:00m:05s

Complete: Map on top_oled_syn|synthesis

Complete: Logic Synthesis on top_oled_syn|synthesis

TCL script complete: "top_oled_syn.tcl"

exit status=0

exit status=0

License checkin: synplifypro_actel

