Microsemi Libero Software
Version: 11.8.3.6
Release: v11.8 SP3

Info: The design PSU_Top_Level.adb was last modified by software version 11.8.3.6.
Opened an existing Libero design PSU_Top_Level.adb.
'BA_NAME' set to 'PSU_Top_Level_ba'
'IDE_DESIGNERVIEW_NAME' set to 'Impl1'
'IDE_DESIGNERVIEW_COUNT' set to '1'
'IDE_DESIGNERVIEW_REV0' set to 'Impl1'
'IDE_DESIGNERVIEW_REVNUM0' set to '1'
'IDE_DESIGNERVIEW_ROOTDIR' set to 'C:\PID Project\PID_Controller\designer'
'IDE_DESIGNERVIEW_LASTREV' set to '1'
Wrote timing report to file: PSU_Top_Level_maxdelay_timing_report.txt

The Report command succeeded ( 00:00:05 )
Wrote timing report to file: PSU_Top_Level_mindelay_timing_report.txt

The Report command succeeded ( 00:00:01 )
Wrote timing_violations report to file: PSU_Top_Level_maxdelay_timingviolations_report.txt

The Report command succeeded ( 00:00:00 )
Wrote timing_violations report to file: PSU_Top_Level_mindelay_timingviolations_report.txt

The Report command succeeded ( 00:00:00 )
Design saved to file C:\PID Project\PID_Controller\designer\impl1\PSU_Top_Level.adb.

The Execute Script command succeeded ( 00:00:08 )
Design closed.

