Target Part: A3PE1500_PQFP208_STD
Report for cell PID_controller.verilog
  Core Cell usage:
              cell count     area count*area
              AND2    11      1.0       11.0
             AND2A     3      1.0        3.0
              AND3    40      1.0       40.0
               AO1   179      1.0      179.0
              AO13     2      1.0        2.0
              AO1A     8      1.0        8.0
              AO1B    21      1.0       21.0
              AO1C    17      1.0       17.0
              AOI1     2      1.0        2.0
             AOI1A     5      1.0        5.0
             AOI1B     3      1.0        3.0
              AX1C    13      1.0       13.0
              AX1D    48      1.0       48.0
              BUFF     1      1.0        1.0
            CLKINT     3      0.0        0.0
               GND    16      0.0        0.0
               INV     3      1.0        3.0
              MAJ3     9      1.0        9.0
               MX2    32      1.0       32.0
              MX2A     2      1.0        2.0
              MX2B     3      1.0        3.0
              MX2C     2      1.0        2.0
              NOR2    38      1.0       38.0
             NOR2A   122      1.0      122.0
             NOR2B   251      1.0      251.0
              NOR3    24      1.0       24.0
             NOR3A    36      1.0       36.0
             NOR3B    31      1.0       31.0
             NOR3C    91      1.0       91.0
               OA1    60      1.0       60.0
              OA1A    14      1.0       14.0
              OA1B    24      1.0       24.0
              OA1C     4      1.0        4.0
               OR2    95      1.0       95.0
              OR2A    30      1.0       30.0
              OR2B     9      1.0        9.0
               OR3    38      1.0       38.0
              OR3A     1      1.0        1.0
              OR3B     1      1.0        1.0
              OR3C     1      1.0        1.0
               VCC    16      0.0        0.0
               XA1    39      1.0       39.0
              XA1A    10      1.0       10.0
              XA1B    24      1.0       24.0
             XNOR2   101      1.0      101.0
             XNOR3     4      1.0        4.0
               XO1    12      1.0       12.0
              XOR2    66      1.0       66.0
              XOR3    15      1.0       15.0


            DFN1C0   130      1.0      130.0
          DFN1E0C0    72      1.0       72.0
          DFN1E0P0     4      1.0        4.0
          DFN1E1C0   963      1.0      963.0
            DFN1P0     5      1.0        5.0
                   -----          ----------
             TOTAL  2754              2719.0


  IO Cell usage:
              cell count
            CLKBUF     2
             INBUF     2
            OUTBUF     4
                   -----
             TOTAL     8


Core Cells         : 2719 of 38400 (7%)
IO Cells           : 8

  RAM/ROM Usage Summary
Block Rams : 0 of 60 (0%)

