Target Part: A3PE1500_PQFP208_STD
Report for cell PSU_Top_Level.verilog
  Core Cell usage:
              cell count     area count*area
              AND2    27      1.0       27.0
             AND2A     6      1.0        6.0
              AND3    67      1.0       67.0
               AO1   438      1.0      438.0
              AO13   110      1.0      110.0
              AO16     1      1.0        1.0
              AO18    22      1.0       22.0
              AO1A    33      1.0       33.0
              AO1B    65      1.0       65.0
              AO1C    28      1.0       28.0
              AO1D     4      1.0        4.0
              AOI1     9      1.0        9.0
             AOI1A    10      1.0       10.0
             AOI1B    15      1.0       15.0
               AX1     4      1.0        4.0
              AX1A     5      1.0        5.0
              AX1B    11      1.0       11.0
              AX1C    27      1.0       27.0
              AX1D    98      1.0       98.0
              AX1E     7      1.0        7.0
              AXO2     1      1.0        1.0
              AXO3     1      1.0        1.0
             AXOI5    38      1.0       38.0
              BUFF     6      1.0        6.0
            CLKINT     2      0.0        0.0
               GND    23      0.0        0.0
               INV     8      1.0        8.0
              MAJ3   112      1.0      112.0
              MIN3    12      1.0       12.0
               MX2   347      1.0      347.0
              MX2A    11      1.0       11.0
              MX2B    24      1.0       24.0
              MX2C    48      1.0       48.0
              NOR2    95      1.0       95.0
             NOR2A   278      1.0      278.0
             NOR2B   837      1.0      837.0
              NOR3    45      1.0       45.0
             NOR3A    49      1.0       49.0
             NOR3B    63      1.0       63.0
             NOR3C   208      1.0      208.0
               OA1   132      1.0      132.0
              OA1A    53      1.0       53.0
              OA1B    52      1.0       52.0
              OA1C    10      1.0       10.0
              OAI1     4      1.0        4.0
               OR2   279      1.0      279.0
              OR2A    86      1.0       86.0
              OR2B    13      1.0       13.0
               OR3   123      1.0      123.0
              OR3A    10      1.0       10.0
              OR3B     8      1.0        8.0
              OR3C     3      1.0        3.0
               PLL     1      0.0        0.0
            PLLINT     1      0.0        0.0
               VCC    23      0.0        0.0
               XA1   198      1.0      198.0
              XA1A    19      1.0       19.0
              XA1B    84      1.0       84.0
              XA1C     6      1.0        6.0
             XAI1A     1      1.0        1.0
             XNOR2   278      1.0      278.0
             XNOR3   137      1.0      137.0
               XO1    31      1.0       31.0
              XO1A    25      1.0       25.0
              XOR2   297      1.0      297.0
              XOR3   139      1.0      139.0
              ZOR3     1      1.0        1.0
             ZOR3I    11      1.0       11.0


            DFN1C0   273      1.0      273.0
          DFN1E0C0    82      1.0       82.0
          DFN1E0P0     5      1.0        5.0
          DFN1E1C0  1111      1.0     1111.0
          DFN1E1P0     5      1.0        5.0
            DFN1P0    39      1.0       39.0
                   -----          ----------
             TOTAL  6735              6685.0


  IO Cell usage:
              cell count
            CLKBUF     2
             INBUF    11
            OUTBUF    13
           TRIBUFF    16
                   -----
             TOTAL    42


Core Cells         : 6685 of 38400 (17%)
IO Cells           : 42

  RAM/ROM Usage Summary
Block Rams : 0 of 60 (0%)

